[2026-02-11 22:44:54.764] [67555] [HailoRT] [info] [device.cpp:51] [Device] OS Version: Linux 6.12.62+rpt-rpi-2712 #1 SMP PREEMPT Debian 1:6.12.62-1+rpt1 (2025-12-18) aarch64
[2026-02-11 22:44:54.764] [67555] [HailoRT] [info] [control.cpp:113] [control__parse_identify_results] firmware_version is: 4.23.0
[2026-02-11 22:44:54.765] [67555] [HailoRT] [info] [control.cpp:113] [control__parse_identify_results] firmware_version is: 4.23.0
[2026-02-11 22:44:54.763] [67554] [HailoRT] [info] [device.cpp:51] [Device] OS Version: Linux 6.12.62+rpt-rpi-2712 #1 SMP PREEMPT Debian 1:6.12.62-1+rpt1 (2025-12-18) aarch64
[2026-02-11 22:44:54.764] [67554] [HailoRT] [info] [control.cpp:113] [control__parse_identify_results] firmware_version is: 4.23.0
[2026-02-11 22:44:54.765] [67554] [HailoRT] [info] [control.cpp:113] [control__parse_identify_results] firmware_version is: 4.23.0
[2026-02-11 22:56:58.163] [69099] [HailoRT] [info] [device.cpp:51] [Device] OS Version: Linux 6.12.62+rpt-rpi-2712 #1 SMP PREEMPT Debian 1:6.12.62-1+rpt1 (2025-12-18) aarch64
[2026-02-11 22:56:58.166] [69099] [HailoRT] [info] [control.cpp:113] [control__parse_identify_results] firmware_version is: 4.23.0
[2026-02-11 22:56:58.166] [69099] [HailoRT] [info] [control.cpp:113] [control__parse_identify_results] firmware_version is: 4.23.0
[2026-02-11 22:56:58.163] [69097] [HailoRT] [info] [device.cpp:51] [Device] OS Version: Linux 6.12.62+rpt-rpi-2712 #1 SMP PREEMPT Debian 1:6.12.62-1+rpt1 (2025-12-18) aarch64
[2026-02-11 22:56:58.165] [69097] [HailoRT] [info] [control.cpp:113] [control__parse_identify_results] firmware_version is: 4.23.0
[2026-02-11 22:56:58.166] [69097] [HailoRT] [info] [control.cpp:113] [control__parse_identify_results] firmware_version is: 4.23.0
[2026-02-11 22:57:22.265] [69293] [HailoRT] [info] [device.cpp:51] [Device] OS Version: Linux 6.12.62+rpt-rpi-2712 #1 SMP PREEMPT Debian 1:6.12.62-1+rpt1 (2025-12-18) aarch64
[2026-02-11 22:57:22.266] [69293] [HailoRT] [info] [control.cpp:113] [control__parse_identify_results] firmware_version is: 4.23.0
[2026-02-11 22:57:22.267] [69293] [HailoRT] [info] [control.cpp:113] [control__parse_identify_results] firmware_version is: 4.23.0
[2026-02-11 22:57:22.448] [69297] [HailoRT] [info] [device.cpp:51] [Device] OS Version: Linux 6.12.62+rpt-rpi-2712 #1 SMP PREEMPT Debian 1:6.12.62-1+rpt1 (2025-12-18) aarch64
[2026-02-11 22:57:22.450] [69297] [HailoRT] [info] [control.cpp:113] [control__parse_identify_results] firmware_version is: 4.23.0
[2026-02-11 22:57:22.450] [69297] [HailoRT] [info] [control.cpp:113] [control__parse_identify_results] firmware_version is: 4.23.0
[2026-02-11 22:57:22.597] [69292] [HailoRT] [info] [vdevice.cpp:535] [create] Creating vdevice with params: device_count: 1, scheduling_algorithm: ROUND_ROBIN, multi_process_service: false
[2026-02-11 22:57:22.608] [69292] [HailoRT] [info] [device.cpp:51] [Device] OS Version: Linux 6.12.62+rpt-rpi-2712 #1 SMP PREEMPT Debian 1:6.12.62-1+rpt1 (2025-12-18) aarch64
[2026-02-11 22:57:22.609] [69292] [HailoRT] [info] [control.cpp:113] [control__parse_identify_results] firmware_version is: 4.23.0
[2026-02-11 22:57:22.610] [69292] [HailoRT] [info] [vdevice.cpp:682] [create] VDevice Infos: 0001:01:00.0
[2026-02-11 22:57:23.030] [69292] [HailoRT] [info] [hef.cpp:1994] [get_network_group_and_network_name] No name was given. Addressing all networks of default network_group: yolov8m
[2026-02-11 22:57:23.031] [69292] [HailoRT] [info] [hef.cpp:1994] [get_network_group_and_network_name] No name was given. Addressing all networks of default network_group: yolov8m
[2026-02-11 22:57:23.086] [69292] [HailoRT] [info] [internal_buffer_manager.cpp:77] [print_execution_results] Planned internal buffer memory: CMA=0 CMA-Desc=589824 Pinned=6378496. memory to edge layer usage factor is 1
[2026-02-11 22:57:23.086] [69292] [HailoRT] [info] [internal_buffer_manager.cpp:86] [print_execution_results] Default Internal buffer planner executed successfully
[2026-02-11 22:57:23.215] [69292] [HailoRT] [info] [device_internal.cpp:57] [configure] Configuring HEF took 147.940985 milliseconds
[2026-02-11 22:57:23.218] [69292] [HailoRT] [info] [vdevice.cpp:780] [configure] Configuring HEF on VDevice took 151.463982 milliseconds
[2026-02-11 22:57:23.218] [69292] [HailoRT] [info] [infer_model.cpp:417] [configure] Configuring network group 'yolov8m' with params: batch size: 2, power mode: PERFORMANCE, latency: NONE
[2026-02-11 22:57:23.219] [69292] [HailoRT] [info] [multi_io_elements.cpp:754] [create] Created (AsyncHwEl)
[2026-02-11 22:57:23.221] [69292] [HailoRT] [info] [queue_elements.cpp:450] [create] Created (EntryPushQEl0yolov8m/input_layer1 | timeout: 10s)
[2026-02-11 22:57:23.221] [69292] [HailoRT] [info] [filter_elements.cpp:101] [create] Created (PreInferEl1yolov8m/input_layer1 | Reorder - src_order: RGB4, src_shape: (640, 640, 3), dst_order: NHCW, dst_shape: (640, 640, 3))
[2026-02-11 22:57:23.223] [69292] [HailoRT] [info] [queue_elements.cpp:450] [create] Created (PushQEl1yolov8m/input_layer1 | timeout: 10s)
[2026-02-11 22:57:23.223] [69292] [HailoRT] [info] [multi_io_elements.cpp:135] [create] Created (NmsPPMuxEl0YOLOV8-Post-Process | Op YOLOV8, Name: YOLOV8-Post-Process, Score threshold: 0.300, IoU threshold: 0.45, Classes: 80, Max bboxes per class: 100, Image height: 640, Image width: 640)
[2026-02-11 22:57:23.229] [69292] [HailoRT] [info] [queue_elements.cpp:942] [create] Created (MultiPushQEl0YOLOV8-Post-Process | timeout: 10s)
[2026-02-11 22:57:23.230] [69292] [HailoRT] [info] [edge_elements.cpp:187] [create] Created (LastAsyncEl0NmsPPMuxEl0YOLOV8-Post-Process)
[2026-02-11 22:57:23.230] [69292] [HailoRT] [info] [pipeline.cpp:891] [print_deep_description] EntryPushQEl0yolov8m/input_layer1 | inputs: user | outputs: PreInferEl1yolov8m/input_layer1(running in thread_id: 69341)
[2026-02-11 22:57:23.230] [69292] [HailoRT] [info] [pipeline.cpp:891] [print_deep_description] PreInferEl1yolov8m/input_layer1 | inputs: EntryPushQEl0yolov8m/input_layer1[0] | outputs: PushQEl1yolov8m/input_layer1
[2026-02-11 22:57:23.230] [69292] [HailoRT] [info] [pipeline.cpp:891] [print_deep_description] PushQEl1yolov8m/input_layer1 | inputs: PreInferEl1yolov8m/input_layer1[0] | outputs: AsyncHwEl(running in thread_id: 69343)
[2026-02-11 22:57:23.230] [69292] [HailoRT] [info] [pipeline.cpp:891] [print_deep_description] AsyncHwEl | inputs: PushQEl1yolov8m/input_layer1[0] | outputs: MultiPushQEl0YOLOV8-Post-Process MultiPushQEl0YOLOV8-Post-Process MultiPushQEl0YOLOV8-Post-Process MultiPushQEl0YOLOV8-Post-Process MultiPushQEl0YOLOV8-Post-Process MultiPushQEl0YOLOV8-Post-Process
[2026-02-11 22:57:23.230] [69292] [HailoRT] [info] [pipeline.cpp:891] [print_deep_description] MultiPushQEl0YOLOV8-Post-Process | inputs: AsyncHwEl[0] AsyncHwEl[1] AsyncHwEl[2] AsyncHwEl[3] AsyncHwEl[4] AsyncHwEl[5] | outputs: NmsPPMuxEl0YOLOV8-Post-Process(running in thread_id: 69344)
[2026-02-11 22:57:23.231] [69292] [HailoRT] [info] [pipeline.cpp:891] [print_deep_description] NmsPPMuxEl0YOLOV8-Post-Process | inputs: MultiPushQEl0YOLOV8-Post-Process[0] | outputs: LastAsyncEl0NmsPPMuxEl0YOLOV8-Post-Process
[2026-02-11 22:57:23.231] [69292] [HailoRT] [info] [pipeline.cpp:891] [print_deep_description] LastAsyncEl0NmsPPMuxEl0YOLOV8-Post-Process | inputs: NmsPPMuxEl0YOLOV8-Post-Process[0] | outputs: user
[2026-02-11 22:57:26.580] [69348] [HailoRT] [info] [device.cpp:51] [Device] OS Version: Linux 6.12.62+rpt-rpi-2712 #1 SMP PREEMPT Debian 1:6.12.62-1+rpt1 (2025-12-18) aarch64
[2026-02-11 22:57:26.588] [69348] [HailoRT] [info] [control.cpp:113] [control__parse_identify_results] firmware_version is: 4.23.0
[2026-02-11 22:57:26.588] [69348] [HailoRT] [info] [control.cpp:113] [control__parse_identify_results] firmware_version is: 4.23.0
[2026-02-11 22:57:26.660] [69352] [HailoRT] [info] [device.cpp:51] [Device] OS Version: Linux 6.12.62+rpt-rpi-2712 #1 SMP PREEMPT Debian 1:6.12.62-1+rpt1 (2025-12-18) aarch64
[2026-02-11 22:57:26.662] [69352] [HailoRT] [info] [control.cpp:113] [control__parse_identify_results] firmware_version is: 4.23.0
[2026-02-11 22:57:26.662] [69352] [HailoRT] [info] [control.cpp:113] [control__parse_identify_results] firmware_version is: 4.23.0
[2026-02-11 22:57:27.058] [69364] [HailoRT] [info] [device.cpp:51] [Device] OS Version: Linux 6.12.62+rpt-rpi-2712 #1 SMP PREEMPT Debian 1:6.12.62-1+rpt1 (2025-12-18) aarch64
[2026-02-11 22:57:27.059] [69364] [HailoRT] [info] [control.cpp:113] [control__parse_identify_results] firmware_version is: 4.23.0
[2026-02-11 22:57:27.059] [69364] [HailoRT] [info] [control.cpp:113] [control__parse_identify_results] firmware_version is: 4.23.0
[2026-02-11 22:57:25.745] [69093] [HailoRT] [info] [async_infer_runner.cpp:86] [shutdown] Pipeline was aborted. Shutting it down
[2026-02-11 22:57:25.746] [69093] [HailoRT] [info] [queue_elements.cpp:1131] [execute_deactivate] enqueue() in element MultiPushQEl0YOLOV8-Post-Process was aborted, got status = HAILO_SHUTDOWN_EVENT_SIGNALED(57)
[2026-02-11 22:57:25.746] [69093] [HailoRT] [info] [queue_elements.cpp:1131] [execute_deactivate] enqueue() in element MultiPushQEl0YOLOV8-Post-Process was aborted, got status = HAILO_SHUTDOWN_EVENT_SIGNALED(57)
[2026-02-11 22:57:25.746] [69093] [HailoRT] [info] [queue_elements.cpp:1131] [execute_deactivate] enqueue() in element MultiPushQEl0YOLOV8-Post-Process was aborted, got status = HAILO_SHUTDOWN_EVENT_SIGNALED(57)
[2026-02-11 22:57:25.746] [69093] [HailoRT] [info] [queue_elements.cpp:1131] [execute_deactivate] enqueue() in element MultiPushQEl0YOLOV8-Post-Process was aborted, got status = HAILO_SHUTDOWN_EVENT_SIGNALED(57)
[2026-02-11 22:57:25.746] [69093] [HailoRT] [info] [queue_elements.cpp:1131] [execute_deactivate] enqueue() in element MultiPushQEl0YOLOV8-Post-Process was aborted, got status = HAILO_SHUTDOWN_EVENT_SIGNALED(57)
[2026-02-11 22:57:25.746] [69093] [HailoRT] [info] [queue_elements.cpp:1131] [execute_deactivate] enqueue() in element MultiPushQEl0YOLOV8-Post-Process was aborted, got status = HAILO_SHUTDOWN_EVENT_SIGNALED(57)
[2026-02-11 22:57:25.746] [69093] [HailoRT] [info] [queue_elements.cpp:570] [execute_deactivate] enqueue() in element PushQEl1yolov8m/input_layer1 was aborted, got status = HAILO_SHUTDOWN_EVENT_SIGNALED(57)
[2026-02-11 22:57:25.746] [69093] [HailoRT] [info] [queue_elements.cpp:570] [execute_deactivate] enqueue() in element EntryPushQEl0yolov8m/input_layer1 was aborted, got status = HAILO_SHUTDOWN_EVENT_SIGNALED(57)
[2026-02-11 22:57:25.746] [69093] [HailoRT] [info] [queue_elements.cpp:46] [~BaseQueueElement] Queue element EntryPushQEl0yolov8m/input_layer1 has 0 frames in his Queue on destruction
[2026-02-11 22:57:25.746] [69093] [HailoRT] [info] [queue_elements.cpp:46] [~BaseQueueElement] Queue element PushQEl1yolov8m/input_layer1 has 0 frames in his Queue on destruction
[2026-02-11 22:57:26.727] [69347] [HailoRT] [info] [vdevice.cpp:535] [create] Creating vdevice with params: device_count: 1, scheduling_algorithm: ROUND_ROBIN, multi_process_service: false
[2026-02-11 22:57:26.740] [69347] [HailoRT] [info] [device.cpp:51] [Device] OS Version: Linux 6.12.62+rpt-rpi-2712 #1 SMP PREEMPT Debian 1:6.12.62-1+rpt1 (2025-12-18) aarch64
[2026-02-11 22:57:26.740] [69347] [HailoRT] [info] [control.cpp:113] [control__parse_identify_results] firmware_version is: 4.23.0
[2026-02-11 22:57:26.740] [69347] [HailoRT] [info] [vdevice.cpp:682] [create] VDevice Infos: 0001:01:00.0
[2026-02-11 22:57:27.165] [69347] [HailoRT] [info] [hef.cpp:1994] [get_network_group_and_network_name] No name was given. Addressing all networks of default network_group: yolov8m_pose
[2026-02-11 22:57:27.165] [69347] [HailoRT] [info] [hef.cpp:1994] [get_network_group_and_network_name] No name was given. Addressing all networks of default network_group: yolov8m_pose
[2026-02-11 22:57:27.218] [69347] [HailoRT] [info] [internal_buffer_manager.cpp:77] [print_execution_results] Planned internal buffer memory: CMA=0 CMA-Desc=327680 Pinned=5992448. memory to edge layer usage factor is 1
[2026-02-11 22:57:27.218] [69347] [HailoRT] [info] [internal_buffer_manager.cpp:86] [print_execution_results] Default Internal buffer planner executed successfully
[2026-02-11 22:57:27.334] [69347] [HailoRT] [info] [device_internal.cpp:57] [configure] Configuring HEF took 126.219647 milliseconds
[2026-02-11 22:57:27.335] [69347] [HailoRT] [info] [vdevice.cpp:780] [configure] Configuring HEF on VDevice took 128.164397 milliseconds
[2026-02-11 22:57:27.335] [69347] [HailoRT] [info] [infer_model.cpp:417] [configure] Configuring network group 'yolov8m_pose' with params: batch size: 2, power mode: PERFORMANCE, latency: NONE
[2026-02-11 22:57:27.335] [69347] [HailoRT] [info] [multi_io_elements.cpp:754] [create] Created (AsyncHwEl)
[2026-02-11 22:57:27.335] [69347] [HailoRT] [info] [queue_elements.cpp:450] [create] Created (EntryPushQEl0yolov8m_pose/input_layer1 | timeout: 10s)
[2026-02-11 22:57:27.336] [69347] [HailoRT] [info] [filter_elements.cpp:101] [create] Created (PreInferEl3yolov8m_pose/input_layer1 | Reorder - src_order: RGB4, src_shape: (640, 640, 3), dst_order: NHWC, dst_shape: (640, 640, 3))
[2026-02-11 22:57:27.336] [69347] [HailoRT] [info] [queue_elements.cpp:450] [create] Created (PushQEl3yolov8m_pose/input_layer1 | timeout: 10s)
[2026-02-11 22:57:27.336] [69347] [HailoRT] [info] [edge_elements.cpp:187] [create] Created (LastAsyncEl6AsyncHwEl)
[2026-02-11 22:57:27.336] [69347] [HailoRT] [info] [queue_elements.cpp:450] [create] Created (PushQEl7AsyncHwEl | timeout: 10s)
[2026-02-11 22:57:27.336] [69347] [HailoRT] [info] [filter_elements.cpp:372] [create] Created (PostInferEl7AsyncHwEl | Reorder - src_order: FCR, src_shape: (40, 40, 56), dst_order: FCR, dst_shape: (40, 40, 51))
[2026-02-11 22:57:27.336] [69347] [HailoRT] [info] [edge_elements.cpp:187] [create] Created (LastAsyncEl0PostInferEl7AsyncHwEl)
[2026-02-11 22:57:27.336] [69347] [HailoRT] [info] [edge_elements.cpp:187] [create] Created (LastAsyncEl0AsyncHwEl)
[2026-02-11 22:57:27.337] [69347] [HailoRT] [info] [queue_elements.cpp:450] [create] Created (PushQEl1AsyncHwEl | timeout: 10s)
[2026-02-11 22:57:27.337] [69347] [HailoRT] [info] [filter_elements.cpp:372] [create] Created (PostInferEl1AsyncHwEl | Reorder - src_order: FCR, src_shape: (20, 20, 56), dst_order: FCR, dst_shape: (20, 20, 51))
[2026-02-11 22:57:27.337] [69347] [HailoRT] [info] [edge_elements.cpp:187] [create] Created (LastAsyncEl0PostInferEl1AsyncHwEl)
[2026-02-11 22:57:27.337] [69347] [HailoRT] [info] [edge_elements.cpp:187] [create] Created (LastAsyncEl2AsyncHwEl)
[2026-02-11 22:57:27.337] [69347] [HailoRT] [info] [edge_elements.cpp:187] [create] Created (LastAsyncEl3AsyncHwEl)
[2026-02-11 22:57:27.337] [69347] [HailoRT] [info] [edge_elements.cpp:187] [create] Created (LastAsyncEl8AsyncHwEl)
[2026-02-11 22:57:27.337] [69347] [HailoRT] [info] [edge_elements.cpp:187] [create] Created (LastAsyncEl4AsyncHwEl)
[2026-02-11 22:57:27.337] [69347] [HailoRT] [info] [queue_elements.cpp:450] [create] Created (PushQEl5AsyncHwEl | timeout: 10s)
[2026-02-11 22:57:27.337] [69347] [HailoRT] [info] [filter_elements.cpp:372] [create] Created (PostInferEl5AsyncHwEl | Reorder - src_order: FCR, src_shape: (80, 80, 56), dst_order: FCR, dst_shape: (80, 80, 51))
[2026-02-11 22:57:27.337] [69347] [HailoRT] [info] [edge_elements.cpp:187] [create] Created (LastAsyncEl0PostInferEl5AsyncHwEl)
[2026-02-11 22:57:27.337] [69347] [HailoRT] [info] [pipeline.cpp:891] [print_deep_description] EntryPushQEl0yolov8m_pose/input_layer1 | inputs: user | outputs: PreInferEl3yolov8m_pose/input_layer1(running in thread_id: 69401)
[2026-02-11 22:57:27.337] [69347] [HailoRT] [info] [pipeline.cpp:891] [print_deep_description] PreInferEl3yolov8m_pose/input_layer1 | inputs: EntryPushQEl0yolov8m_pose/input_layer1[0] | outputs: PushQEl3yolov8m_pose/input_layer1
[2026-02-11 22:57:27.337] [69347] [HailoRT] [info] [pipeline.cpp:891] [print_deep_description] PushQEl3yolov8m_pose/input_layer1 | inputs: PreInferEl3yolov8m_pose/input_layer1[0] | outputs: AsyncHwEl(running in thread_id: 69402)
[2026-02-11 22:57:27.337] [69347] [HailoRT] [info] [pipeline.cpp:891] [print_deep_description] AsyncHwEl | inputs: PushQEl3yolov8m_pose/input_layer1[0] | outputs: LastAsyncEl0AsyncHwEl PushQEl1AsyncHwEl LastAsyncEl2AsyncHwEl LastAsyncEl3AsyncHwEl LastAsyncEl4AsyncHwEl PushQEl5AsyncHwEl LastAsyncEl6AsyncHwEl PushQEl7AsyncHwEl LastAsyncEl8AsyncHwEl
[2026-02-11 22:57:27.337] [69347] [HailoRT] [info] [pipeline.cpp:891] [print_deep_description] LastAsyncEl0AsyncHwEl | inputs: AsyncHwEl[0] | outputs: user
[2026-02-11 22:57:27.337] [69347] [HailoRT] [info] [pipeline.cpp:891] [print_deep_description] PushQEl1AsyncHwEl | inputs: AsyncHwEl[0] | outputs: PostInferEl1AsyncHwEl(running in thread_id: 69404)
[2026-02-11 22:57:27.337] [69347] [HailoRT] [info] [pipeline.cpp:891] [print_deep_description] PostInferEl1AsyncHwEl | inputs: PushQEl1AsyncHwEl[0] | outputs: LastAsyncEl0PostInferEl1AsyncHwEl
[2026-02-11 22:57:27.337] [69347] [HailoRT] [info] [pipeline.cpp:891] [print_deep_description] LastAsyncEl0PostInferEl1AsyncHwEl | inputs: PostInferEl1AsyncHwEl[0] | outputs: user
[2026-02-11 22:57:27.337] [69347] [HailoRT] [info] [pipeline.cpp:891] [print_deep_description] LastAsyncEl2AsyncHwEl | inputs: AsyncHwEl[0] | outputs: user
[2026-02-11 22:57:27.337] [69347] [HailoRT] [info] [pipeline.cpp:891] [print_deep_description] LastAsyncEl3AsyncHwEl | inputs: AsyncHwEl[0] | outputs: user
[2026-02-11 22:57:27.337] [69347] [HailoRT] [info] [pipeline.cpp:891] [print_deep_description] LastAsyncEl4AsyncHwEl | inputs: AsyncHwEl[0] | outputs: user
[2026-02-11 22:57:27.337] [69347] [HailoRT] [info] [pipeline.cpp:891] [print_deep_description] PushQEl5AsyncHwEl | inputs: AsyncHwEl[0] | outputs: PostInferEl5AsyncHwEl(running in thread_id: 69405)
[2026-02-11 22:57:27.337] [69347] [HailoRT] [info] [pipeline.cpp:891] [print_deep_description] PostInferEl5AsyncHwEl | inputs: PushQEl5AsyncHwEl[0] | outputs: LastAsyncEl0PostInferEl5AsyncHwEl
[2026-02-11 22:57:27.337] [69347] [HailoRT] [info] [pipeline.cpp:891] [print_deep_description] LastAsyncEl0PostInferEl5AsyncHwEl | inputs: PostInferEl5AsyncHwEl[0] | outputs: user
[2026-02-11 22:57:27.337] [69347] [HailoRT] [info] [pipeline.cpp:891] [print_deep_description] LastAsyncEl6AsyncHwEl | inputs: AsyncHwEl[0] | outputs: user
[2026-02-11 22:57:27.337] [69347] [HailoRT] [info] [pipeline.cpp:891] [print_deep_description] PushQEl7AsyncHwEl | inputs: AsyncHwEl[0] | outputs: PostInferEl7AsyncHwEl(running in thread_id: 69403)
[2026-02-11 22:57:27.337] [69347] [HailoRT] [info] [pipeline.cpp:891] [print_deep_description] PostInferEl7AsyncHwEl | inputs: PushQEl7AsyncHwEl[0] | outputs: LastAsyncEl0PostInferEl7AsyncHwEl
[2026-02-11 22:57:27.337] [69347] [HailoRT] [info] [pipeline.cpp:891] [print_deep_description] LastAsyncEl0PostInferEl7AsyncHwEl | inputs: PostInferEl7AsyncHwEl[0] | outputs: user
[2026-02-11 22:57:27.337] [69347] [HailoRT] [info] [pipeline.cpp:891] [print_deep_description] LastAsyncEl8AsyncHwEl | inputs: AsyncHwEl[0] | outputs: user
[2026-02-11 23:06:38.611] [70854] [HailoRT] [info] [device.cpp:51] [Device] OS Version: Linux 6.12.62+rpt-rpi-2712 #1 SMP PREEMPT Debian 1:6.12.62-1+rpt1 (2025-12-18) aarch64
[2026-02-11 23:06:38.612] [70854] [HailoRT] [info] [control.cpp:113] [control__parse_identify_results] firmware_version is: 4.23.0
[2026-02-11 23:06:38.612] [70854] [HailoRT] [info] [control.cpp:113] [control__parse_identify_results] firmware_version is: 4.23.0
[2026-02-11 23:06:38.611] [70853] [HailoRT] [info] [device.cpp:51] [Device] OS Version: Linux 6.12.62+rpt-rpi-2712 #1 SMP PREEMPT Debian 1:6.12.62-1+rpt1 (2025-12-18) aarch64
[2026-02-11 23:06:38.612] [70853] [HailoRT] [info] [control.cpp:113] [control__parse_identify_results] firmware_version is: 4.23.0
[2026-02-11 23:06:38.633] [70853] [HailoRT] [info] [control.cpp:113] [control__parse_identify_results] firmware_version is: 4.23.0
[2026-02-11 23:06:51.892] [70886] [HailoRT] [info] [device.cpp:51] [Device] OS Version: Linux 6.12.62+rpt-rpi-2712 #1 SMP PREEMPT Debian 1:6.12.62-1+rpt1 (2025-12-18) aarch64
[2026-02-11 23:06:51.893] [70886] [HailoRT] [info] [control.cpp:113] [control__parse_identify_results] firmware_version is: 4.23.0
[2026-02-11 23:06:51.893] [70886] [HailoRT] [info] [control.cpp:113] [control__parse_identify_results] firmware_version is: 4.23.0
[2026-02-11 23:06:51.892] [70883] [HailoRT] [info] [device.cpp:51] [Device] OS Version: Linux 6.12.62+rpt-rpi-2712 #1 SMP PREEMPT Debian 1:6.12.62-1+rpt1 (2025-12-18) aarch64
[2026-02-11 23:06:51.893] [70883] [HailoRT] [info] [control.cpp:113] [control__parse_identify_results] firmware_version is: 4.23.0
[2026-02-11 23:06:51.893] [70883] [HailoRT] [info] [control.cpp:113] [control__parse_identify_results] firmware_version is: 4.23.0
[2026-02-11 23:06:53.576] [70902] [HailoRT] [info] [device.cpp:51] [Device] OS Version: Linux 6.12.62+rpt-rpi-2712 #1 SMP PREEMPT Debian 1:6.12.62-1+rpt1 (2025-12-18) aarch64
[2026-02-11 23:06:53.577] [70902] [HailoRT] [info] [control.cpp:113] [control__parse_identify_results] firmware_version is: 4.23.0
[2026-02-11 23:06:53.577] [70902] [HailoRT] [info] [control.cpp:113] [control__parse_identify_results] firmware_version is: 4.23.0
[2026-02-11 23:06:53.720] [70906] [HailoRT] [info] [device.cpp:51] [Device] OS Version: Linux 6.12.62+rpt-rpi-2712 #1 SMP PREEMPT Debian 1:6.12.62-1+rpt1 (2025-12-18) aarch64
[2026-02-11 23:06:53.722] [70906] [HailoRT] [info] [control.cpp:113] [control__parse_identify_results] firmware_version is: 4.23.0
[2026-02-11 23:06:53.723] [70906] [HailoRT] [info] [control.cpp:113] [control__parse_identify_results] firmware_version is: 4.23.0
[2026-02-11 23:06:53.845] [70901] [HailoRT] [info] [vdevice.cpp:535] [create] Creating vdevice with params: device_count: 1, scheduling_algorithm: ROUND_ROBIN, multi_process_service: false
[2026-02-11 23:06:53.856] [70901] [HailoRT] [info] [device.cpp:51] [Device] OS Version: Linux 6.12.62+rpt-rpi-2712 #1 SMP PREEMPT Debian 1:6.12.62-1+rpt1 (2025-12-18) aarch64
[2026-02-11 23:06:53.859] [70901] [HailoRT] [info] [control.cpp:113] [control__parse_identify_results] firmware_version is: 4.23.0
[2026-02-11 23:06:53.859] [70901] [HailoRT] [info] [vdevice.cpp:682] [create] VDevice Infos: 0001:01:00.0
[2026-02-11 23:06:54.254] [70901] [HailoRT] [info] [hef.cpp:1994] [get_network_group_and_network_name] No name was given. Addressing all networks of default network_group: yolov8m
[2026-02-11 23:06:54.254] [70901] [HailoRT] [info] [hef.cpp:1994] [get_network_group_and_network_name] No name was given. Addressing all networks of default network_group: yolov8m
[2026-02-11 23:06:54.299] [70901] [HailoRT] [info] [internal_buffer_manager.cpp:77] [print_execution_results] Planned internal buffer memory: CMA=0 CMA-Desc=589824 Pinned=6378496. memory to edge layer usage factor is 1
[2026-02-11 23:06:54.299] [70901] [HailoRT] [info] [internal_buffer_manager.cpp:86] [print_execution_results] Default Internal buffer planner executed successfully
[2026-02-11 23:06:54.384] [70901] [HailoRT] [info] [device_internal.cpp:57] [configure] Configuring HEF took 101.700517 milliseconds
[2026-02-11 23:06:54.384] [70901] [HailoRT] [info] [vdevice.cpp:780] [configure] Configuring HEF on VDevice took 102.106462 milliseconds
[2026-02-11 23:06:54.384] [70901] [HailoRT] [info] [infer_model.cpp:417] [configure] Configuring network group 'yolov8m' with params: batch size: 2, power mode: PERFORMANCE, latency: NONE
[2026-02-11 23:06:54.385] [70901] [HailoRT] [info] [multi_io_elements.cpp:754] [create] Created (AsyncHwEl)
[2026-02-11 23:06:54.385] [70901] [HailoRT] [info] [queue_elements.cpp:450] [create] Created (EntryPushQEl0yolov8m/input_layer1 | timeout: 10s)
[2026-02-11 23:06:54.385] [70901] [HailoRT] [info] [filter_elements.cpp:101] [create] Created (PreInferEl1yolov8m/input_layer1 | Reorder - src_order: RGB4, src_shape: (640, 640, 3), dst_order: NHCW, dst_shape: (640, 640, 3))
[2026-02-11 23:06:54.386] [70901] [HailoRT] [info] [queue_elements.cpp:450] [create] Created (PushQEl1yolov8m/input_layer1 | timeout: 10s)
[2026-02-11 23:06:54.386] [70901] [HailoRT] [info] [multi_io_elements.cpp:135] [create] Created (NmsPPMuxEl0YOLOV8-Post-Process | Op YOLOV8, Name: YOLOV8-Post-Process, Score threshold: 0.300, IoU threshold: 0.45, Classes: 80, Max bboxes per class: 100, Image height: 640, Image width: 640)
[2026-02-11 23:06:54.386] [70901] [HailoRT] [info] [queue_elements.cpp:942] [create] Created (MultiPushQEl0YOLOV8-Post-Process | timeout: 10s)
[2026-02-11 23:06:54.386] [70901] [HailoRT] [info] [edge_elements.cpp:187] [create] Created (LastAsyncEl0NmsPPMuxEl0YOLOV8-Post-Process)
[2026-02-11 23:06:54.386] [70901] [HailoRT] [info] [pipeline.cpp:891] [print_deep_description] EntryPushQEl0yolov8m/input_layer1 | inputs: user | outputs: PreInferEl1yolov8m/input_layer1(running in thread_id: 70925)
[2026-02-11 23:06:54.387] [70901] [HailoRT] [info] [pipeline.cpp:891] [print_deep_description] PreInferEl1yolov8m/input_layer1 | inputs: EntryPushQEl0yolov8m/input_layer1[0] | outputs: PushQEl1yolov8m/input_layer1
[2026-02-11 23:06:54.387] [70901] [HailoRT] [info] [pipeline.cpp:891] [print_deep_description] PushQEl1yolov8m/input_layer1 | inputs: PreInferEl1yolov8m/input_layer1[0] | outputs: AsyncHwEl(running in thread_id: 70926)
[2026-02-11 23:06:54.387] [70901] [HailoRT] [info] [pipeline.cpp:891] [print_deep_description] AsyncHwEl | inputs: PushQEl1yolov8m/input_layer1[0] | outputs: MultiPushQEl0YOLOV8-Post-Process MultiPushQEl0YOLOV8-Post-Process MultiPushQEl0YOLOV8-Post-Process MultiPushQEl0YOLOV8-Post-Process MultiPushQEl0YOLOV8-Post-Process MultiPushQEl0YOLOV8-Post-Process
[2026-02-11 23:06:54.387] [70901] [HailoRT] [info] [pipeline.cpp:891] [print_deep_description] MultiPushQEl0YOLOV8-Post-Process | inputs: AsyncHwEl[0] AsyncHwEl[1] AsyncHwEl[2] AsyncHwEl[3] AsyncHwEl[4] AsyncHwEl[5] | outputs: NmsPPMuxEl0YOLOV8-Post-Process(running in thread_id: 70927)
[2026-02-11 23:06:54.387] [70901] [HailoRT] [info] [pipeline.cpp:891] [print_deep_description] NmsPPMuxEl0YOLOV8-Post-Process | inputs: MultiPushQEl0YOLOV8-Post-Process[0] | outputs: LastAsyncEl0NmsPPMuxEl0YOLOV8-Post-Process
[2026-02-11 23:06:54.387] [70901] [HailoRT] [info] [pipeline.cpp:891] [print_deep_description] LastAsyncEl0NmsPPMuxEl0YOLOV8-Post-Process | inputs: NmsPPMuxEl0YOLOV8-Post-Process[0] | outputs: user
[2026-02-11 23:13:58.762] [71526] [HailoRT] [info] [device.cpp:51] [Device] OS Version: Linux 6.12.62+rpt-rpi-2712 #1 SMP PREEMPT Debian 1:6.12.62-1+rpt1 (2025-12-18) aarch64
[2026-02-11 23:13:58.764] [71526] [HailoRT] [info] [control.cpp:113] [control__parse_identify_results] firmware_version is: 4.23.0
[2026-02-11 23:13:58.764] [71526] [HailoRT] [info] [control.cpp:113] [control__parse_identify_results] firmware_version is: 4.23.0
[2026-02-11 23:13:58.780] [71528] [HailoRT] [info] [device.cpp:51] [Device] OS Version: Linux 6.12.62+rpt-rpi-2712 #1 SMP PREEMPT Debian 1:6.12.62-1+rpt1 (2025-12-18) aarch64
[2026-02-11 23:13:58.789] [71528] [HailoRT] [info] [control.cpp:113] [control__parse_identify_results] firmware_version is: 4.23.0
[2026-02-11 23:13:58.790] [71528] [HailoRT] [info] [control.cpp:113] [control__parse_identify_results] firmware_version is: 4.23.0
[2026-02-11 23:22:04.859] [72548] [HailoRT] [info] [device.cpp:51] [Device] OS Version: Linux 6.12.62+rpt-rpi-2712 #1 SMP PREEMPT Debian 1:6.12.62-1+rpt1 (2025-12-18) aarch64
[2026-02-11 23:22:04.861] [72548] [HailoRT] [info] [control.cpp:113] [control__parse_identify_results] firmware_version is: 4.23.0
[2026-02-11 23:22:04.862] [72548] [HailoRT] [info] [control.cpp:113] [control__parse_identify_results] firmware_version is: 4.23.0
[2026-02-11 23:22:15.425] [72623] [HailoRT] [info] [device.cpp:51] [Device] OS Version: Linux 6.12.62+rpt-rpi-2712 #1 SMP PREEMPT Debian 1:6.12.62-1+rpt1 (2025-12-18) aarch64
[2026-02-11 23:22:15.428] [72623] [HailoRT] [info] [control.cpp:113] [control__parse_identify_results] firmware_version is: 4.23.0
[2026-02-11 23:22:15.429] [72623] [HailoRT] [info] [control.cpp:113] [control__parse_identify_results] firmware_version is: 4.23.0
[2026-02-11 23:24:13.864] [72775] [HailoRT] [info] [device.cpp:51] [Device] OS Version: Linux 6.12.62+rpt-rpi-2712 #1 SMP PREEMPT Debian 1:6.12.62-1+rpt1 (2025-12-18) aarch64
[2026-02-11 23:24:13.864] [72775] [HailoRT] [info] [control.cpp:113] [control__parse_identify_results] firmware_version is: 4.23.0
[2026-02-11 23:24:13.868] [72775] [HailoRT] [info] [control.cpp:113] [control__parse_identify_results] firmware_version is: 4.23.0
[2026-02-11 23:29:06.452] [72918] [HailoRT] [info] [device.cpp:51] [Device] OS Version: Linux 6.12.62+rpt-rpi-2712 #1 SMP PREEMPT Debian 1:6.12.62-1+rpt1 (2025-12-18) aarch64
[2026-02-11 23:29:06.453] [72918] [HailoRT] [info] [control.cpp:113] [control__parse_identify_results] firmware_version is: 4.23.0
[2026-02-11 23:29:06.453] [72918] [HailoRT] [info] [control.cpp:113] [control__parse_identify_results] firmware_version is: 4.23.0
[2026-02-11 23:31:00.879] [73070] [HailoRT] [info] [device.cpp:51] [Device] OS Version: Linux 6.12.62+rpt-rpi-2712 #1 SMP PREEMPT Debian 1:6.12.62-1+rpt1 (2025-12-18) aarch64
[2026-02-11 23:31:00.879] [73070] [HailoRT] [info] [control.cpp:113] [control__parse_identify_results] firmware_version is: 4.23.0
[2026-02-11 23:31:00.879] [73070] [HailoRT] [info] [control.cpp:113] [control__parse_identify_results] firmware_version is: 4.23.0
[2026-02-11 23:43:05.340] [75237] [HailoRT] [info] [device.cpp:51] [Device] OS Version: Linux 6.12.62+rpt-rpi-2712 #1 SMP PREEMPT Debian 1:6.12.62-1+rpt1 (2025-12-18) aarch64
[2026-02-11 23:43:05.341] [75237] [HailoRT] [info] [control.cpp:113] [control__parse_identify_results] firmware_version is: 4.23.0
[2026-02-11 23:43:05.341] [75237] [HailoRT] [info] [control.cpp:113] [control__parse_identify_results] firmware_version is: 4.23.0
[2026-02-11 23:43:05.340] [75238] [HailoRT] [info] [device.cpp:51] [Device] OS Version: Linux 6.12.62+rpt-rpi-2712 #1 SMP PREEMPT Debian 1:6.12.62-1+rpt1 (2025-12-18) aarch64
[2026-02-11 23:43:05.341] [75238] [HailoRT] [info] [control.cpp:113] [control__parse_identify_results] firmware_version is: 4.23.0
[2026-02-11 23:43:05.342] [75238] [HailoRT] [info] [control.cpp:113] [control__parse_identify_results] firmware_version is: 4.23.0
[2026-02-11 23:45:57.183] [76056] [HailoRT] [info] [device.cpp:51] [Device] OS Version: Linux 6.12.62+rpt-rpi-2712 #1 SMP PREEMPT Debian 1:6.12.62-1+rpt1 (2025-12-18) aarch64
[2026-02-11 23:45:57.185] [76056] [HailoRT] [info] [control.cpp:113] [control__parse_identify_results] firmware_version is: 4.23.0
[2026-02-11 23:45:57.185] [76056] [HailoRT] [info] [control.cpp:113] [control__parse_identify_results] firmware_version is: 4.23.0
[2026-02-11 23:45:57.183] [76057] [HailoRT] [info] [device.cpp:51] [Device] OS Version: Linux 6.12.62+rpt-rpi-2712 #1 SMP PREEMPT Debian 1:6.12.62-1+rpt1 (2025-12-18) aarch64
[2026-02-11 23:45:57.185] [76057] [HailoRT] [info] [control.cpp:113] [control__parse_identify_results] firmware_version is: 4.23.0
[2026-02-11 23:45:57.185] [76057] [HailoRT] [info] [control.cpp:113] [control__parse_identify_results] firmware_version is: 4.23.0
[2026-02-11 23:51:55.281] [77686] [HailoRT] [info] [device.cpp:51] [Device] OS Version: Linux 6.12.62+rpt-rpi-2712 #1 SMP PREEMPT Debian 1:6.12.62-1+rpt1 (2025-12-18) aarch64
[2026-02-11 23:51:55.285] [77686] [HailoRT] [info] [control.cpp:113] [control__parse_identify_results] firmware_version is: 4.23.0
[2026-02-11 23:51:55.286] [77686] [HailoRT] [info] [control.cpp:113] [control__parse_identify_results] firmware_version is: 4.23.0
[2026-02-11 23:51:55.280] [77684] [HailoRT] [info] [device.cpp:51] [Device] OS Version: Linux 6.12.62+rpt-rpi-2712 #1 SMP PREEMPT Debian 1:6.12.62-1+rpt1 (2025-12-18) aarch64
[2026-02-11 23:51:55.285] [77684] [HailoRT] [info] [control.cpp:113] [control__parse_identify_results] firmware_version is: 4.23.0
[2026-02-11 23:51:55.286] [77684] [HailoRT] [info] [control.cpp:113] [control__parse_identify_results] firmware_version is: 4.23.0
[2026-02-11 23:56:01.117] [78369] [HailoRT] [info] [device.cpp:51] [Device] OS Version: Linux 6.12.62+rpt-rpi-2712 #1 SMP PREEMPT Debian 1:6.12.62-1+rpt1 (2025-12-18) aarch64
[2026-02-11 23:56:01.117] [78369] [HailoRT] [info] [control.cpp:113] [control__parse_identify_results] firmware_version is: 4.23.0
[2026-02-11 23:56:01.118] [78369] [HailoRT] [info] [control.cpp:113] [control__parse_identify_results] firmware_version is: 4.23.0
[2026-02-11 23:56:01.117] [78370] [HailoRT] [info] [device.cpp:51] [Device] OS Version: Linux 6.12.62+rpt-rpi-2712 #1 SMP PREEMPT Debian 1:6.12.62-1+rpt1 (2025-12-18) aarch64
[2026-02-11 23:56:01.117] [78370] [HailoRT] [info] [control.cpp:113] [control__parse_identify_results] firmware_version is: 4.23.0
[2026-02-11 23:56:01.118] [78370] [HailoRT] [info] [control.cpp:113] [control__parse_identify_results] firmware_version is: 4.23.0
[2026-02-11 23:58:27.799] [78804] [HailoRT] [info] [device.cpp:51] [Device] OS Version: Linux 6.12.62+rpt-rpi-2712 #1 SMP PREEMPT Debian 1:6.12.62-1+rpt1 (2025-12-18) aarch64
[2026-02-11 23:58:27.800] [78804] [HailoRT] [info] [control.cpp:113] [control__parse_identify_results] firmware_version is: 4.23.0
[2026-02-11 23:58:27.801] [78804] [HailoRT] [info] [control.cpp:113] [control__parse_identify_results] firmware_version is: 4.23.0
[2026-02-11 23:58:33.316] [78853] [HailoRT] [info] [device.cpp:51] [Device] OS Version: Linux 6.12.62+rpt-rpi-2712 #1 SMP PREEMPT Debian 1:6.12.62-1+rpt1 (2025-12-18) aarch64
[2026-02-11 23:58:33.317] [78853] [HailoRT] [info] [control.cpp:113] [control__parse_identify_results] firmware_version is: 4.23.0
[2026-02-11 23:58:33.317] [78853] [HailoRT] [info] [control.cpp:113] [control__parse_identify_results] firmware_version is: 4.23.0
[2026-02-12 00:02:00.043] [80276] [HailoRT] [info] [device.cpp:51] [Device] OS Version: Linux 6.12.62+rpt-rpi-2712 #1 SMP PREEMPT Debian 1:6.12.62-1+rpt1 (2025-12-18) aarch64
[2026-02-12 00:02:00.044] [80276] [HailoRT] [info] [control.cpp:113] [control__parse_identify_results] firmware_version is: 4.23.0
[2026-02-12 00:02:00.044] [80276] [HailoRT] [info] [control.cpp:113] [control__parse_identify_results] firmware_version is: 4.23.0
[2026-02-12 00:02:05.548] [80317] [HailoRT] [info] [device.cpp:51] [Device] OS Version: Linux 6.12.62+rpt-rpi-2712 #1 SMP PREEMPT Debian 1:6.12.62-1+rpt1 (2025-12-18) aarch64
[2026-02-12 00:02:05.549] [80317] [HailoRT] [info] [control.cpp:113] [control__parse_identify_results] firmware_version is: 4.23.0
[2026-02-12 00:02:05.549] [80317] [HailoRT] [info] [control.cpp:113] [control__parse_identify_results] firmware_version is: 4.23.0
[2026-02-12 00:03:46.724] [80423] [HailoRT] [info] [device.cpp:51] [Device] OS Version: Linux 6.12.62+rpt-rpi-2712 #1 SMP PREEMPT Debian 1:6.12.62-1+rpt1 (2025-12-18) aarch64
[2026-02-12 00:03:46.725] [80423] [HailoRT] [info] [control.cpp:113] [control__parse_identify_results] firmware_version is: 4.23.0
[2026-02-12 00:03:46.726] [80423] [HailoRT] [info] [control.cpp:113] [control__parse_identify_results] firmware_version is: 4.23.0
[2026-02-12 00:06:05.551] [80872] [HailoRT] [info] [device.cpp:51] [Device] OS Version: Linux 6.12.62+rpt-rpi-2712 #1 SMP PREEMPT Debian 1:6.12.62-1+rpt1 (2025-12-18) aarch64
[2026-02-12 00:06:05.551] [80872] [HailoRT] [info] [control.cpp:113] [control__parse_identify_results] firmware_version is: 4.23.0
[2026-02-12 00:06:05.552] [80872] [HailoRT] [info] [control.cpp:113] [control__parse_identify_results] firmware_version is: 4.23.0
[2026-02-12 00:06:11.061] [80916] [HailoRT] [info] [device.cpp:51] [Device] OS Version: Linux 6.12.62+rpt-rpi-2712 #1 SMP PREEMPT Debian 1:6.12.62-1+rpt1 (2025-12-18) aarch64
[2026-02-12 00:06:11.062] [80916] [HailoRT] [info] [control.cpp:113] [control__parse_identify_results] firmware_version is: 4.23.0
[2026-02-12 00:06:11.062] [80916] [HailoRT] [info] [control.cpp:113] [control__parse_identify_results] firmware_version is: 4.23.0
[2026-02-12 00:11:18.487] [81415] [HailoRT] [info] [device.cpp:51] [Device] OS Version: Linux 6.12.62+rpt-rpi-2712 #1 SMP PREEMPT Debian 1:6.12.62-1+rpt1 (2025-12-18) aarch64
[2026-02-12 00:11:18.487] [81415] [HailoRT] [info] [control.cpp:113] [control__parse_identify_results] firmware_version is: 4.23.0
[2026-02-12 00:11:18.487] [81415] [HailoRT] [info] [control.cpp:113] [control__parse_identify_results] firmware_version is: 4.23.0
[2026-02-12 00:11:23.984] [81455] [HailoRT] [info] [device.cpp:51] [Device] OS Version: Linux 6.12.62+rpt-rpi-2712 #1 SMP PREEMPT Debian 1:6.12.62-1+rpt1 (2025-12-18) aarch64
[2026-02-12 00:11:23.986] [81455] [HailoRT] [info] [control.cpp:113] [control__parse_identify_results] firmware_version is: 4.23.0
[2026-02-12 00:11:23.987] [81455] [HailoRT] [info] [control.cpp:113] [control__parse_identify_results] firmware_version is: 4.23.0
[2026-02-12 00:18:51.820] [81968] [HailoRT] [info] [device.cpp:51] [Device] OS Version: Linux 6.12.62+rpt-rpi-2712 #1 SMP PREEMPT Debian 1:6.12.62-1+rpt1 (2025-12-18) aarch64
[2026-02-12 00:18:51.821] [81968] [HailoRT] [info] [control.cpp:113] [control__parse_identify_results] firmware_version is: 4.23.0
[2026-02-12 00:18:51.821] [81968] [HailoRT] [info] [control.cpp:113] [control__parse_identify_results] firmware_version is: 4.23.0
[2026-02-12 00:18:57.311] [82006] [HailoRT] [info] [device.cpp:51] [Device] OS Version: Linux 6.12.62+rpt-rpi-2712 #1 SMP PREEMPT Debian 1:6.12.62-1+rpt1 (2025-12-18) aarch64
[2026-02-12 00:18:57.312] [82006] [HailoRT] [info] [control.cpp:113] [control__parse_identify_results] firmware_version is: 4.23.0
[2026-02-12 00:18:57.313] [82006] [HailoRT] [info] [control.cpp:113] [control__parse_identify_results] firmware_version is: 4.23.0
[2026-02-12 00:22:21.572] [82384] [HailoRT] [info] [device.cpp:51] [Device] OS Version: Linux 6.12.62+rpt-rpi-2712 #1 SMP PREEMPT Debian 1:6.12.62-1+rpt1 (2025-12-18) aarch64
[2026-02-12 00:22:21.573] [82384] [HailoRT] [info] [control.cpp:113] [control__parse_identify_results] firmware_version is: 4.23.0
[2026-02-12 00:22:21.573] [82384] [HailoRT] [info] [control.cpp:113] [control__parse_identify_results] firmware_version is: 4.23.0
[2026-02-12 00:22:22.064] [82401] [HailoRT] [info] [device.cpp:51] [Device] OS Version: Linux 6.12.62+rpt-rpi-2712 #1 SMP PREEMPT Debian 1:6.12.62-1+rpt1 (2025-12-18) aarch64
[2026-02-12 00:22:22.065] [82401] [HailoRT] [info] [control.cpp:113] [control__parse_identify_results] firmware_version is: 4.23.0
[2026-02-12 00:22:22.065] [82401] [HailoRT] [info] [control.cpp:113] [control__parse_identify_results] firmware_version is: 4.23.0
[2026-02-12 00:24:24.232] [82855] [HailoRT] [info] [device.cpp:51] [Device] OS Version: Linux 6.12.62+rpt-rpi-2712 #1 SMP PREEMPT Debian 1:6.12.62-1+rpt1 (2025-12-18) aarch64
[2026-02-12 00:24:24.234] [82855] [HailoRT] [info] [control.cpp:113] [control__parse_identify_results] firmware_version is: 4.23.0
[2026-02-12 00:24:24.235] [82855] [HailoRT] [info] [control.cpp:113] [control__parse_identify_results] firmware_version is: 4.23.0
[2026-02-12 00:24:24.743] [82882] [HailoRT] [info] [device.cpp:51] [Device] OS Version: Linux 6.12.62+rpt-rpi-2712 #1 SMP PREEMPT Debian 1:6.12.62-1+rpt1 (2025-12-18) aarch64
[2026-02-12 00:24:24.743] [82882] [HailoRT] [info] [control.cpp:113] [control__parse_identify_results] firmware_version is: 4.23.0
[2026-02-12 00:24:24.744] [82882] [HailoRT] [info] [control.cpp:113] [control__parse_identify_results] firmware_version is: 4.23.0
[2026-02-12 00:26:48.776] [83323] [HailoRT] [info] [device.cpp:51] [Device] OS Version: Linux 6.12.62+rpt-rpi-2712 #1 SMP PREEMPT Debian 1:6.12.62-1+rpt1 (2025-12-18) aarch64
[2026-02-12 00:26:48.777] [83323] [HailoRT] [info] [control.cpp:113] [control__parse_identify_results] firmware_version is: 4.23.0
[2026-02-12 00:26:48.777] [83323] [HailoRT] [info] [control.cpp:113] [control__parse_identify_results] firmware_version is: 4.23.0
[2026-02-12 00:26:49.272] [83340] [HailoRT] [info] [device.cpp:51] [Device] OS Version: Linux 6.12.62+rpt-rpi-2712 #1 SMP PREEMPT Debian 1:6.12.62-1+rpt1 (2025-12-18) aarch64
[2026-02-12 00:26:49.273] [83340] [HailoRT] [info] [control.cpp:113] [control__parse_identify_results] firmware_version is: 4.23.0
[2026-02-12 00:26:49.273] [83340] [HailoRT] [info] [control.cpp:113] [control__parse_identify_results] firmware_version is: 4.23.0
[2026-02-12 00:28:59.562] [83653] [HailoRT] [info] [device.cpp:51] [Device] OS Version: Linux 6.12.62+rpt-rpi-2712 #1 SMP PREEMPT Debian 1:6.12.62-1+rpt1 (2025-12-18) aarch64
[2026-02-12 00:28:59.562] [83653] [HailoRT] [info] [control.cpp:113] [control__parse_identify_results] firmware_version is: 4.23.0
[2026-02-12 00:28:59.562] [83653] [HailoRT] [info] [control.cpp:113] [control__parse_identify_results] firmware_version is: 4.23.0
[2026-02-12 16:00:12.411] [102076] [HailoRT] [info] [device.cpp:51] [Device] OS Version: Linux 6.12.62+rpt-rpi-2712 #1 SMP PREEMPT Debian 1:6.12.62-1+rpt1 (2025-12-18) aarch64
[2026-02-12 16:00:12.412] [102076] [HailoRT] [info] [control.cpp:113] [control__parse_identify_results] firmware_version is: 4.23.0
[2026-02-12 16:00:12.412] [102076] [HailoRT] [info] [control.cpp:113] [control__parse_identify_results] firmware_version is: 4.23.0
[2026-02-12 16:00:23.376] [102123] [HailoRT] [info] [device.cpp:51] [Device] OS Version: Linux 6.12.62+rpt-rpi-2712 #1 SMP PREEMPT Debian 1:6.12.62-1+rpt1 (2025-12-18) aarch64
[2026-02-12 16:00:23.380] [102123] [HailoRT] [info] [control.cpp:113] [control__parse_identify_results] firmware_version is: 4.23.0
[2026-02-12 16:00:23.380] [102123] [HailoRT] [info] [control.cpp:113] [control__parse_identify_results] firmware_version is: 4.23.0
